<?xml version="1.0" encoding="UTF-8"?>
<testsuite name="io.rampage.factory.SecretResolverTest" tests="11" skipped="0" failures="0" errors="0" timestamp="2026-05-13T21:57:34.848Z" hostname="runnervmeorf1" time="0.012">
  <properties/>
  <testcase name="resolve_plainStringReturnedAsIs()" classname="io.rampage.factory.SecretResolverTest" time="0.001"/>
  <testcase name="isSecretRef_trueForEnvPrefix()" classname="io.rampage.factory.SecretResolverTest" time="0.0"/>
  <testcase name="resolveHeaders_resolvesAllValues()" classname="io.rampage.factory.SecretResolverTest" time="0.001"/>
  <testcase name="resolve_nullReturnsNull()" classname="io.rampage.factory.SecretResolverTest" time="0.001"/>
  <testcase name="redact_alwaysReturnsRedacted()" classname="io.rampage.factory.SecretResolverTest" time="0.001"/>
  <testcase name="isSecretRef_falseForPlainString()" classname="io.rampage.factory.SecretResolverTest" time="0.001"/>
  <testcase name="isSecretRef_falseForNull()" classname="io.rampage.factory.SecretResolverTest" time="0.001"/>
  <testcase name="isSecretRef_trueForSmPrefix()" classname="io.rampage.factory.SecretResolverTest" time="0.001"/>
  <testcase name="resolveHeaders_handlesNullInput()" classname="io.rampage.factory.SecretResolverTest" time="0.001"/>
  <testcase name="resolve_smPrefixReturnsRedacted()" classname="io.rampage.factory.SecretResolverTest" time="0.001"/>
  <testcase name="resolve_envPrefixReturnsEmpty_whenEnvVarNotSet()" classname="io.rampage.factory.SecretResolverTest" time="0.001"/>
  <system-out><![CDATA[21:57:34.851 [Test worker] DEBUG io.rampage.factory.SecretResolver -- Secret Manager resolution not implemented in MVP, returning redacted for: SM:my-secret
21:57:34.859 [Test worker] DEBUG io.rampage.factory.SecretResolver -- Secret Manager resolution not implemented in MVP, returning redacted for: SM:secret/my-secret
21:57:34.860 [Test worker] WARN io.rampage.factory.SecretResolver -- Environment variable 'TEST_NONEXISTENT_VAR_12345' not set
]]></system-out>
  <system-err><![CDATA[]]></system-err>
</testsuite>
