<?xml version="1.0" encoding="UTF-8"?>
<testsuite name="io.rampage.factory.ConfigValidatorTest" tests="7" skipped="0" failures="0" errors="0" timestamp="2026-05-13T21:57:34.826Z" hostname="runnervmeorf1" time="0.02">
  <properties/>
  <testcase name="validate_failsWhenScenariosEmpty()" classname="io.rampage.factory.ConfigValidatorTest" time="0.003"/>
  <testcase name="validate_failsWhenBaseUrlMissing()" classname="io.rampage.factory.ConfigValidatorTest" time="0.002"/>
  <testcase name="validate_failsWhenTargetCPSExceedsSafetyLimit()" classname="io.rampage.factory.ConfigValidatorTest" time="0.003"/>
  <testcase name="validate_failsWhenBaseUrlEmpty()" classname="io.rampage.factory.ConfigValidatorTest" time="0.002"/>
  <testcase name="validate_failsWhenScenarioNotLoaded()" classname="io.rampage.factory.ConfigValidatorTest" time="0.002"/>
  <testcase name="validate_listsAllErrors()" classname="io.rampage.factory.ConfigValidatorTest" time="0.002"/>
  <testcase name="validate_passesForValidConfig()" classname="io.rampage.factory.ConfigValidatorTest" time="0.002"/>
  <system-out><![CDATA[21:57:34.829 [Test worker] ERROR io.rampage.factory.ConfigValidator -- Configuration validation failed with 1 error(s):
run.scenarios must not be empty
21:57:34.832 [Test worker] ERROR io.rampage.factory.ConfigValidator -- Configuration validation failed with 1 error(s):
environment.baseUrl must not be null or empty
21:57:34.837 [Test worker] ERROR io.rampage.factory.ConfigValidator -- Configuration validation failed with 1 error(s):
run.workload.targetCallsPerSecond (200.0) exceeds safety.maxUsersPerSecond (100.0)
21:57:34.839 [Test worker] ERROR io.rampage.factory.ConfigValidator -- Configuration validation failed with 1 error(s):
environment.baseUrl must not be null or empty
21:57:34.841 [Test worker] ERROR io.rampage.factory.ConfigValidator -- Configuration validation failed with 1 error(s):
Scenario 'missing-scenario' listed in run.scenarios has no corresponding ScenarioConfig loaded
21:57:34.843 [Test worker] ERROR io.rampage.factory.ConfigValidator -- Configuration validation failed with 3 error(s):
environment.baseUrl must not be null or empty
Scenario 'missing-scenario' listed in run.scenarios has no corresponding ScenarioConfig loaded
run.workload.targetCallsPerSecond (200.0) exceeds safety.maxUsersPerSecond (100.0)
21:57:34.846 [Test worker] INFO io.rampage.factory.ConfigValidator -- Configuration validation passed
]]></system-out>
  <system-err><![CDATA[]]></system-err>
</testsuite>
