<?xml version="1.0" encoding="UTF-8"?>
<testsuite name="io.rampage.factory.ConfigLoaderTest" tests="10" skipped="0" failures="0" errors="0" timestamp="2026-05-13T21:57:34.426Z" hostname="runnervmeorf1" time="0.397">
  <properties/>
  <testcase name="loadScenario_parsesCorrectly()" classname="io.rampage.factory.ConfigLoaderTest" time="0.295"/>
  <testcase name="loadRun_hasWorkload()" classname="io.rampage.factory.ConfigLoaderTest" time="0.015"/>
  <testcase name="loadRun_throwsOnMissingFile()" classname="io.rampage.factory.ConfigLoaderTest" time="0.003"/>
  <testcase name="loadScenario_hasFeeder()" classname="io.rampage.factory.ConfigLoaderTest" time="0.01"/>
  <testcase name="loadEnvironment_parsesCorrectly()" classname="io.rampage.factory.ConfigLoaderTest" time="0.014"/>
  <testcase name="loadScenario_hasGraphql()" classname="io.rampage.factory.ConfigLoaderTest" time="0.01"/>
  <testcase name="loadEnvironment_hasSafety()" classname="io.rampage.factory.ConfigLoaderTest" time="0.007"/>
  <testcase name="loadRun_parsesCorrectly()" classname="io.rampage.factory.ConfigLoaderTest" time="0.007"/>
  <testcase name="loadEnvironment_hasTimeouts()" classname="io.rampage.factory.ConfigLoaderTest" time="0.007"/>
  <testcase name="loadEnvironment_throwsOnMissingFile()" classname="io.rampage.factory.ConfigLoaderTest" time="0.002"/>
  <system-out><![CDATA[21:57:34.615 [Test worker] INFO io.rampage.factory.ConfigLoader -- Loading scenario config from: scenarios/test-scenario.yaml
21:57:34.725 [Test worker] INFO io.rampage.factory.ConfigLoader -- Loaded scenario: test-scenario
21:57:34.743 [Test worker] INFO io.rampage.factory.ConfigLoader -- Loading run config from: test-run.yaml
21:57:34.757 [Test worker] INFO io.rampage.factory.ConfigLoader -- Loaded run: test-run
21:57:34.760 [Test worker] INFO io.rampage.factory.ConfigLoader -- Loading run config from: nonexistent-run.yaml
21:57:34.763 [Test worker] INFO io.rampage.factory.ConfigLoader -- Loading scenario config from: scenarios/test-scenario.yaml
21:57:34.772 [Test worker] INFO io.rampage.factory.ConfigLoader -- Loaded scenario: test-scenario
21:57:34.774 [Test worker] INFO io.rampage.factory.ConfigLoader -- Loading environment config from: test-environment.yaml
21:57:34.786 [Test worker] INFO io.rampage.factory.ConfigLoader -- Loaded environment: test
21:57:34.789 [Test worker] INFO io.rampage.factory.ConfigLoader -- Loading scenario config from: scenarios/test-scenario.yaml
21:57:34.797 [Test worker] INFO io.rampage.factory.ConfigLoader -- Loaded scenario: test-scenario
21:57:34.799 [Test worker] INFO io.rampage.factory.ConfigLoader -- Loading environment config from: test-environment.yaml
21:57:34.806 [Test worker] INFO io.rampage.factory.ConfigLoader -- Loaded environment: test
21:57:34.808 [Test worker] INFO io.rampage.factory.ConfigLoader -- Loading run config from: test-run.yaml
21:57:34.813 [Test worker] INFO io.rampage.factory.ConfigLoader -- Loaded run: test-run
21:57:34.815 [Test worker] INFO io.rampage.factory.ConfigLoader -- Loading environment config from: test-environment.yaml
21:57:34.820 [Test worker] INFO io.rampage.factory.ConfigLoader -- Loaded environment: test
21:57:34.822 [Test worker] INFO io.rampage.factory.ConfigLoader -- Loading environment config from: nonexistent.yaml
]]></system-out>
  <system-err><![CDATA[]]></system-err>
</testsuite>
